<?xml version="1.0" encoding="UTF-8"?>
<!-- Generated by org.testng.reporters.JUnitReportReporter -->
<testsuite skipped="0" hostname="asda1713po02529" name="FirstProject.Myngconnect.OpenBrowserTest" tests="1" failures="0" timestamp="11 Jul 2017 13:20:06 GMT" time="11.515" errors="0">
  <testcase name="openbrowser" time="11.515" classname="FirstProject.Myngconnect.OpenBrowserTest"/>
</testsuite> <!-- FirstProject.Myngconnect.OpenBrowserTest -->
