<?xml version="1.0" encoding="UTF-8"?>
<!-- Generated by org.testng.reporters.JUnitReportReporter -->
<testsuite skipped="0" hostname="asda1713po02529" name="FirstProject.Myngconnect.HomepageTest" tests="1" failures="0" timestamp="11 Jul 2017 06:26:45 GMT" time="2.001" errors="0">
  <testcase name="homepagetest" time="2.001" classname="FirstProject.Myngconnect.HomepageTest"/>
</testsuite> <!-- FirstProject.Myngconnect.HomepageTest -->
