<?xml version="1.0" encoding="UTF-8"?>
<!-- Generated by org.testng.reporters.JUnitReportReporter -->
<testsuite skipped="0" hostname="asda1713po02529" name="FirstProject.Myngconnect.LoginTest" tests="2" failures="0" timestamp="11 Jul 2017 13:20:06 GMT" time="14.540" errors="0">
  <testcase name="loginTest" time="9.463" classname="FirstProject.Myngconnect.LoginTest"/>
  <testcase name="logout" time="5.077" classname="FirstProject.Myngconnect.LoginTest"/>
</testsuite> <!-- FirstProject.Myngconnect.LoginTest -->
