<?xml version="1.0" encoding="UTF-8"?>
<!-- Generated by org.testng.reporters.JUnitReportReporter -->
<testsuite skipped="0" hostname="asda1713po02529" name="FirstProject.Myngconnect.InitialiseDriver" tests="1" failures="0" timestamp="10 Jul 2017 14:14:38 GMT" time="3.811" errors="0">
  <testcase name="initialisedriver" time="3.811" classname="FirstProject.Myngconnect.InitialiseDriver"/>
</testsuite> <!-- FirstProject.Myngconnect.InitialiseDriver -->
